<?xml version="1.0" encoding="UTF-8"?>
<!-- Generated by org.testng.reporters.JUnitXMLReporter -->
<testsuite ignored="0" hostname="pradeep" failures="1" tests="1" name="Default test" time="5.84" errors="0" timestamp="2025-01-21T23:36:07 IST">
  <testcase classname="io.cucumber.testng.AbstractTestNGCucumberTests" name="runScenario" time="5.115">
    <failure type="java.lang.NullPointerException" message="Cannot invoke &amp;quot;org.openqa.selenium.WebElement.click()&amp;quot; because &amp;quot;ele&amp;quot; is null">
      <![CDATA[java.lang.NullPointerException: Cannot invoke "org.openqa.selenium.WebElement.click()" because "ele" is null
at basePageObject.BasePage.clickElment(BasePage.java:18)
at StepDefinition.LoginStepDefinition.i_enter_username_and_password(LoginStepDefinition.java:45)
at ✽.I enter username and password(file:///C:/Users/prade/Cucumber/src/test/resources/Features/Login.feature:7)
]]>
    </failure>
  </testcase> <!-- runScenario -->
</testsuite> <!-- Default test -->
