<?xml version="1.0" encoding="UTF-8"?>
<testsuite xmlns:xsi="http://www.w3.org/2001/XMLSchema-instance" xsi:noNamespaceSchemaLocation="https://maven.apache.org/surefire/maven-surefire-plugin/xsd/surefire-test-report.xsd" version="3.0.1" name="TestRunner.TestRunner" time="3.96" tests="1" errors="0" skipped="0" failures="1">
  <properties>
[...]
</properties>
  <testcase name="runScenario[&quot;Explore Link&quot;, &quot;Ebay explore page&quot;](1)" classname="TestRunner.TestRunner" time="2.035">
    <failure message="Cannot invoke &quot;org.openqa.selenium.WebDriver.get(String)&quot; because &quot;this.driver&quot; is null" type="java.lang.NullPointerException"><![CDATA[java.lang.NullPointerException: Cannot invoke "org.openqa.selenium.WebDriver.get(String)" because "this.driver" is null
	at StepDefinition.LoginStepDefinition.i_am_on_the_ebay_login_page(LoginStepDefinition.java:36)
	at ✽.I am on the ebay login page(file:///C:/Users/prade/Cucumber/src/test/resources/Features/Explore.feature:6)
]]></failure>
    <system-out><![CDATA[
@explore
Scenario: Explore Link                     # src/test/resources/Features/Explore.feature:5
C:\Users\prade\Cucumber\AutomationReport\ExtentReport_05.02.2025.22.51.html
  Given I am on the ebay login page        # StepDefinition.LoginStepDefinition.i_am_on_the_ebay_login_page()
      java.lang.NullPointerException: Cannot invoke "org.openqa.selenium.WebDriver.get(String)" because "this.driver" is null
	at StepDefinition.LoginStepDefinition.i_am_on_the_ebay_login_page(LoginStepDefinition.java:36)
	at âœ½.I am on the ebay login page(file:///C:/Users/prade/Cucumber/src/test/resources/Features/Explore.feature:6)

  When I click on explore link             # StepDefinition.ExploreStepDefinition.i_click_on_explore_link()
  Then I choose the fashion category       # StepDefinition.ExploreStepDefinition.i_choose_the_fashion_category()
  And I Validate the selected explore Page # StepDefinition.ExploreStepDefinition.i_validate_the_selected_explore_page()
]]></system-out>
    <system-err><![CDATA[SLF4J(W): No SLF4J providers were found.
SLF4J(W): Defaulting to no-operation (NOP) logger implementation
SLF4J(W): See https://www.slf4j.org/codes.html#noProviders for further details.
Feb 05, 2025 10:51:30 PM org.openqa.selenium.devtools.CdpVersionFinder findNearestMatch
WARNING: Unable to find an exact match for CDP version 133, returning the closest version; found: 131; Please update to a Selenium version that supports CDP version 133
]]></system-err>
  </testcase>
</testsuite>