<?xml version="1.0" encoding="UTF-8"?>
<!-- Generated by org.testng.reporters.JUnitReportReporter -->
<testsuite hostname="pradeep" failures="0" tests="1" name="TestRunner.TestRunner" time="5.115" errors="1" timestamp="2025-01-21T23:36:07 IST" skipped="0">
  <testcase classname="TestRunner.TestRunner" name="runScenario" time="5.115">
    <error message="Cannot invoke &quot;org.openqa.selenium.WebElement.click()&quot; because &quot;ele&quot; is null" type="java.lang.NullPointerException">
      <![CDATA[java.lang.NullPointerException: Cannot invoke "org.openqa.selenium.WebElement.click()" because "ele" is null
at basePageObject.BasePage.clickElment(BasePage.java:18)
at StepDefinition.LoginStepDefinition.i_enter_username_and_password(LoginStepDefinition.java:45)
at ✽.I enter username and password(file:///C:/Users/prade/Cucumber/src/test/resources/Features/Login.feature:7)
]]>
    </error>
  </testcase> <!-- runScenario -->
</testsuite> <!-- TestRunner.TestRunner -->
