<?xml version="1.0" encoding="UTF-8"?>
<!-- Generated by org.testng.reporters.JUnitReportReporter -->
<testsuite hostname="pradeep" failures="0" tests="1" name="TestRunner.TestRunner" time="2.018" errors="1" timestamp="2025-02-05T22:51:31 IST" skipped="0">
  <testcase classname="TestRunner.TestRunner" name="runScenario" time="2.018">
    <error message="Cannot invoke &quot;org.openqa.selenium.WebDriver.get(String)&quot; because &quot;this.driver&quot; is null" type="java.lang.NullPointerException">
      <![CDATA[java.lang.NullPointerException: Cannot invoke "org.openqa.selenium.WebDriver.get(String)" because "this.driver" is null
at StepDefinition.LoginStepDefinition.i_am_on_the_ebay_login_page(LoginStepDefinition.java:36)
at ✽.I am on the ebay login page(file:///C:/Users/prade/Cucumber/src/test/resources/Features/Explore.feature:6)
]]>
    </error>
  </testcase> <!-- runScenario -->
</testsuite> <!-- TestRunner.TestRunner -->
